{"F:\\Training\\ajs-homeworks\\ajs-49-Diploma-by-Kiraradi\\src\\js\\Character.js": {"path":"F:\\Training\\ajs-homeworks\\ajs-49-Diploma-by-Kiraradi\\src\\js\\Character.js","statementMap":{"0":{"start":{"line":17,"column":4},"end":{"line":17,"column":23}},"1":{"start":{"line":18,"column":4},"end":{"line":18,"column":20}},"2":{"start":{"line":19,"column":4},"end":{"line":19,"column":21}},"3":{"start":{"line":20,"column":4},"end":{"line":20,"column":21}},"4":{"start":{"line":21,"column":4},"end":{"line":21,"column":21}},"5":{"start":{"line":22,"column":4},"end":{"line":22,"column":97}},"6":{"start":{"line":22,"column":41},"end":{"line":22,"column":97}},"7":{"start":{"line":27,"column":4},"end":{"line":27,"column":20}},"8":{"start":{"line":28,"column":4},"end":{"line":28,"column":92}},"9":{"start":{"line":29,"column":4},"end":{"line":29,"column":95}},"10":{"start":{"line":30,"column":4},"end":{"line":30,"column":67}}},"fnMap":{"0":{"name":"(anonymous_0)","decl":{"start":{"line":16,"column":2},"end":{"line":16,"column":3}},"loc":{"start":{"line":16,"column":39},"end":{"line":24,"column":3}},"line":16},"1":{"name":"(anonymous_1)","decl":{"start":{"line":26,"column":2},"end":{"line":26,"column":3}},"loc":{"start":{"line":26,"column":12},"end":{"line":31,"column":3}},"line":26}},"branchMap":{"0":{"loc":{"start":{"line":16,"column":21},"end":{"line":16,"column":37}},"type":"default-arg","locations":[{"start":{"line":16,"column":28},"end":{"line":16,"column":37}}],"line":16},"1":{"loc":{"start":{"line":22,"column":4},"end":{"line":22,"column":97}},"type":"if","locations":[{"start":{"line":22,"column":4},"end":{"line":22,"column":97}},{"start":{},"end":{}}],"line":22},"2":{"loc":{"start":{"line":30,"column":4},"end":{"line":30,"column":66}},"type":"cond-expr","locations":[{"start":{"line":30,"column":29},"end":{"line":30,"column":46}},{"start":{"line":30,"column":49},"end":{"line":30,"column":66}}],"line":30}},"s":{"0":9,"1":9,"2":9,"3":9,"4":9,"5":9,"6":1,"7":0,"8":0,"9":0,"10":0},"f":{"0":9,"1":0},"b":{"0":[1],"1":[1,8],"2":[0,0]},"_coverageSchema":"1a1c01bbd47fc00a2c39e90264f33305004495a9","hash":"1e6a48c16a767cf90e1e8a1b768b536baecb1bdb"}
,"F:\\Training\\ajs-homeworks\\ajs-49-Diploma-by-Kiraradi\\src\\js\\availableMoves.js": {"path":"F:\\Training\\ajs-homeworks\\ajs-49-Diploma-by-Kiraradi\\src\\js\\availableMoves.js","statementMap":{"0":{"start":{"line":2,"column":26},"end":{"line":2,"column":28}},"1":{"start":{"line":3,"column":35},"end":{"line":3,"column":37}},"2":{"start":{"line":5,"column":16},"end":{"line":5,"column":18}},"3":{"start":{"line":9,"column":2},"end":{"line":19,"column":3}},"4":{"start":{"line":9,"column":15},"end":{"line":9,"column":16}},"5":{"start":{"line":10,"column":4},"end":{"line":10,"column":18}},"6":{"start":{"line":11,"column":4},"end":{"line":18,"column":5}},"7":{"start":{"line":11,"column":17},"end":{"line":11,"column":18}},"8":{"start":{"line":12,"column":6},"end":{"line":12,"column":38}},"9":{"start":{"line":14,"column":6},"end":{"line":17,"column":7}},"10":{"start":{"line":15,"column":8},"end":{"line":15,"column":31}},"11":{"start":{"line":16,"column":8},"end":{"line":16,"column":34}},"12":{"start":{"line":21,"column":2},"end":{"line":39,"column":3}},"13":{"start":{"line":21,"column":15},"end":{"line":21,"column":27}},"14":{"start":{"line":22,"column":4},"end":{"line":24,"column":5}},"15":{"start":{"line":23,"column":6},"end":{"line":23,"column":83}},"16":{"start":{"line":26,"column":4},"end":{"line":28,"column":5}},"17":{"start":{"line":27,"column":6},"end":{"line":27,"column":83}},"18":{"start":{"line":30,"column":4},"end":{"line":33,"column":5}},"19":{"start":{"line":32,"column":6},"end":{"line":32,"column":87}},"20":{"start":{"line":35,"column":4},"end":{"line":38,"column":5}},"21":{"start":{"line":37,"column":6},"end":{"line":37,"column":87}},"22":{"start":{"line":40,"column":19},"end":{"line":40,"column":23}},"23":{"start":{"line":41,"column":22},"end":{"line":41,"column":26}},"24":{"start":{"line":43,"column":2},"end":{"line":48,"column":3}},"25":{"start":{"line":43,"column":15},"end":{"line":43,"column":28}},"26":{"start":{"line":44,"column":4},"end":{"line":46,"column":5}},"27":{"start":{"line":45,"column":6},"end":{"line":45,"column":71}},"28":{"start":{"line":47,"column":4},"end":{"line":47,"column":72}},"29":{"start":{"line":51,"column":19},"end":{"line":51,"column":21}},"30":{"start":{"line":52,"column":4},"end":{"line":60,"column":7}},"31":{"start":{"line":53,"column":6},"end":{"line":59,"column":7}},"32":{"start":{"line":54,"column":8},"end":{"line":54,"column":23}},"33":{"start":{"line":55,"column":13},"end":{"line":59,"column":7}},"34":{"start":{"line":56,"column":8},"end":{"line":56,"column":35}},"35":{"start":{"line":58,"column":8},"end":{"line":58,"column":25}},"36":{"start":{"line":61,"column":4},"end":{"line":61,"column":18}},"37":{"start":{"line":64,"column":2},"end":{"line":64,"column":44}},"38":{"start":{"line":65,"column":2},"end":{"line":65,"column":50}},"39":{"start":{"line":67,"column":2},"end":{"line":71,"column":3}},"40":{"start":{"line":67,"column":15},"end":{"line":67,"column":28}},"41":{"start":{"line":68,"column":4},"end":{"line":70,"column":5}},"42":{"start":{"line":68,"column":17},"end":{"line":68,"column":30}},"43":{"start":{"line":69,"column":6},"end":{"line":69,"column":51}},"44":{"start":{"line":73,"column":2},"end":{"line":73,"column":70}},"45":{"start":{"line":73,"column":54},"end":{"line":73,"column":68}},"46":{"start":{"line":74,"column":2},"end":{"line":74,"column":88}},"47":{"start":{"line":74,"column":72},"end":{"line":74,"column":86}},"48":{"start":{"line":76,"column":2},"end":{"line":76,"column":57}}},"fnMap":{"0":{"name":"availableMoves","decl":{"start":{"line":1,"column":24},"end":{"line":1,"column":38}},"loc":{"start":{"line":1,"column":87},"end":{"line":77,"column":1}},"line":1},"1":{"name":"convertByRule","decl":{"start":{"line":50,"column":11},"end":{"line":50,"column":24}},"loc":{"start":{"line":50,"column":34},"end":{"line":62,"column":3}},"line":50},"2":{"name":"(anonymous_2)","decl":{"start":{"line":52,"column":17},"end":{"line":52,"column":18}},"loc":{"start":{"line":52,"column":26},"end":{"line":60,"column":5}},"line":52},"3":{"name":"(anonymous_3)","decl":{"start":{"line":73,"column":47},"end":{"line":73,"column":48}},"loc":{"start":{"line":73,"column":54},"end":{"line":73,"column":68}},"line":73},"4":{"name":"(anonymous_4)","decl":{"start":{"line":74,"column":65},"end":{"line":74,"column":66}},"loc":{"start":{"line":74,"column":72},"end":{"line":74,"column":86}},"line":74}},"branchMap":{"0":{"loc":{"start":{"line":14,"column":6},"end":{"line":17,"column":7}},"type":"if","locations":[{"start":{"line":14,"column":6},"end":{"line":17,"column":7}},{"start":{},"end":{}}],"line":14},"1":{"loc":{"start":{"line":22,"column":4},"end":{"line":24,"column":5}},"type":"if","locations":[{"start":{"line":22,"column":4},"end":{"line":24,"column":5}},{"start":{},"end":{}}],"line":22},"2":{"loc":{"start":{"line":22,"column":8},"end":{"line":22,"column":73}},"type":"binary-expr","locations":[{"start":{"line":22,"column":8},"end":{"line":22,"column":35}},{"start":{"line":22,"column":39},"end":{"line":22,"column":73}}],"line":22},"3":{"loc":{"start":{"line":26,"column":4},"end":{"line":28,"column":5}},"type":"if","locations":[{"start":{"line":26,"column":4},"end":{"line":28,"column":5}},{"start":{},"end":{}}],"line":26},"4":{"loc":{"start":{"line":26,"column":8},"end":{"line":26,"column":79}},"type":"binary-expr","locations":[{"start":{"line":26,"column":8},"end":{"line":26,"column":38}},{"start":{"line":26,"column":42},"end":{"line":26,"column":79}}],"line":26},"5":{"loc":{"start":{"line":30,"column":4},"end":{"line":33,"column":5}},"type":"if","locations":[{"start":{"line":30,"column":4},"end":{"line":33,"column":5}},{"start":{},"end":{}}],"line":30},"6":{"loc":{"start":{"line":30,"column":8},"end":{"line":31,"column":80}},"type":"binary-expr","locations":[{"start":{"line":30,"column":8},"end":{"line":30,"column":35}},{"start":{"line":30,"column":39},"end":{"line":30,"column":73}},{"start":{"line":31,"column":9},"end":{"line":31,"column":39}},{"start":{"line":31,"column":43},"end":{"line":31,"column":80}}],"line":30},"7":{"loc":{"start":{"line":35,"column":4},"end":{"line":38,"column":5}},"type":"if","locations":[{"start":{"line":35,"column":4},"end":{"line":38,"column":5}},{"start":{},"end":{}}],"line":35},"8":{"loc":{"start":{"line":35,"column":8},"end":{"line":36,"column":80}},"type":"binary-expr","locations":[{"start":{"line":35,"column":8},"end":{"line":35,"column":35}},{"start":{"line":35,"column":39},"end":{"line":35,"column":73}},{"start":{"line":36,"column":9},"end":{"line":36,"column":39}},{"start":{"line":36,"column":43},"end":{"line":36,"column":80}}],"line":35},"9":{"loc":{"start":{"line":44,"column":4},"end":{"line":46,"column":5}},"type":"if","locations":[{"start":{"line":44,"column":4},"end":{"line":46,"column":5}},{"start":{},"end":{}}],"line":44},"10":{"loc":{"start":{"line":53,"column":6},"end":{"line":59,"column":7}},"type":"if","locations":[{"start":{"line":53,"column":6},"end":{"line":59,"column":7}},{"start":{"line":55,"column":13},"end":{"line":59,"column":7}}],"line":53},"11":{"loc":{"start":{"line":55,"column":13},"end":{"line":59,"column":7}},"type":"if","locations":[{"start":{"line":55,"column":13},"end":{"line":59,"column":7}},{"start":{"line":57,"column":13},"end":{"line":59,"column":7}}],"line":55}},"s":{"0":5,"1":5,"2":5,"3":5,"4":5,"5":38,"6":38,"7":38,"8":292,"9":292,"10":5,"11":5,"12":5,"13":5,"14":37,"15":25,"16":37,"17":25,"18":37,"19":19,"20":37,"21":19,"22":5,"23":5,"24":5,"25":5,"26":29,"27":5,"28":29,"29":10,"30":10,"31":20,"32":6,"33":14,"34":2,"35":12,"36":10,"37":5,"38":5,"39":5,"40":5,"41":21,"42":21,"43":91,"44":5,"45":88,"46":5,"47":91,"48":5},"f":{"0":5,"1":10,"2":20,"3":88,"4":91},"b":{"0":[5,287],"1":[25,12],"2":[37,31],"3":[25,12],"4":[37,25],"5":[19,18],"6":[37,31,25,19],"7":[19,18],"8":[37,31,25,19],"9":[5,24],"10":[6,14],"11":[2,12]},"_coverageSchema":"1a1c01bbd47fc00a2c39e90264f33305004495a9","hash":"1d39318fe1cc3a47889aae40309a2676391300ad"}
,"F:\\Training\\ajs-homeworks\\ajs-49-Diploma-by-Kiraradi\\src\\js\\createTooltip.js": {"path":"F:\\Training\\ajs-homeworks\\ajs-49-Diploma-by-Kiraradi\\src\\js\\createTooltip.js","statementMap":{"0":{"start":{"line":2,"column":2},"end":{"line":2,"column":97}}},"fnMap":{"0":{"name":"createTooltip","decl":{"start":{"line":1,"column":24},"end":{"line":1,"column":37}},"loc":{"start":{"line":1,"column":49},"end":{"line":3,"column":1}},"line":1}},"branchMap":{},"s":{"0":2},"f":{"0":2},"b":{},"_coverageSchema":"1a1c01bbd47fc00a2c39e90264f33305004495a9","hash":"64f26aa6f47612d0813b20a7e0e4a72372e0b422"}
,"F:\\Training\\ajs-homeworks\\ajs-49-Diploma-by-Kiraradi\\src\\js\\utils.js": {"path":"F:\\Training\\ajs-homeworks\\ajs-49-Diploma-by-Kiraradi\\src\\js\\utils.js","statementMap":{"0":{"start":{"line":26,"column":2},"end":{"line":28,"column":3}},"1":{"start":{"line":27,"column":4},"end":{"line":27,"column":22}},"2":{"start":{"line":28,"column":4},"end":{"line":30,"column":3}},"3":{"start":{"line":29,"column":4},"end":{"line":29,"column":17}},"4":{"start":{"line":30,"column":4},"end":{"line":32,"column":3}},"5":{"start":{"line":31,"column":4},"end":{"line":31,"column":23}},"6":{"start":{"line":32,"column":4},"end":{"line":34,"column":3}},"7":{"start":{"line":33,"column":4},"end":{"line":33,"column":18}},"8":{"start":{"line":34,"column":4},"end":{"line":36,"column":3}},"9":{"start":{"line":35,"column":4},"end":{"line":35,"column":19}},"10":{"start":{"line":36,"column":4},"end":{"line":38,"column":3}},"11":{"start":{"line":37,"column":4},"end":{"line":37,"column":25}},"12":{"start":{"line":38,"column":4},"end":{"line":40,"column":3}},"13":{"start":{"line":39,"column":4},"end":{"line":39,"column":26}},"14":{"start":{"line":40,"column":4},"end":{"line":42,"column":3}},"15":{"start":{"line":41,"column":4},"end":{"line":41,"column":20}},"16":{"start":{"line":43,"column":2},"end":{"line":43,"column":18}},"17":{"start":{"line":47,"column":2},"end":{"line":49,"column":3}},"18":{"start":{"line":48,"column":4},"end":{"line":48,"column":22}},"19":{"start":{"line":51,"column":2},"end":{"line":53,"column":3}},"20":{"start":{"line":52,"column":4},"end":{"line":52,"column":20}},"21":{"start":{"line":55,"column":2},"end":{"line":55,"column":16}}},"fnMap":{"0":{"name":"calcTileType","decl":{"start":{"line":25,"column":16},"end":{"line":25,"column":28}},"loc":{"start":{"line":25,"column":47},"end":{"line":44,"column":1}},"line":25},"1":{"name":"calcHealthLevel","decl":{"start":{"line":46,"column":16},"end":{"line":46,"column":31}},"loc":{"start":{"line":46,"column":40},"end":{"line":56,"column":1}},"line":46}},"branchMap":{"0":{"loc":{"start":{"line":26,"column":2},"end":{"line":28,"column":3}},"type":"if","locations":[{"start":{"line":26,"column":2},"end":{"line":28,"column":3}},{"start":{},"end":{}}],"line":26},"1":{"loc":{"start":{"line":28,"column":4},"end":{"line":30,"column":3}},"type":"if","locations":[{"start":{"line":28,"column":4},"end":{"line":30,"column":3}},{"start":{},"end":{}}],"line":28},"2":{"loc":{"start":{"line":30,"column":4},"end":{"line":32,"column":3}},"type":"if","locations":[{"start":{"line":30,"column":4},"end":{"line":32,"column":3}},{"start":{},"end":{}}],"line":30},"3":{"loc":{"start":{"line":32,"column":4},"end":{"line":34,"column":3}},"type":"if","locations":[{"start":{"line":32,"column":4},"end":{"line":34,"column":3}},{"start":{},"end":{}}],"line":32},"4":{"loc":{"start":{"line":32,"column":8},"end":{"line":32,"column":72}},"type":"binary-expr","locations":[{"start":{"line":32,"column":8},"end":{"line":32,"column":31}},{"start":{"line":32,"column":35},"end":{"line":32,"column":72}}],"line":32},"5":{"loc":{"start":{"line":34,"column":4},"end":{"line":36,"column":3}},"type":"if","locations":[{"start":{"line":34,"column":4},"end":{"line":36,"column":3}},{"start":{},"end":{}}],"line":34},"6":{"loc":{"start":{"line":34,"column":8},"end":{"line":34,"column":70}},"type":"binary-expr","locations":[{"start":{"line":34,"column":8},"end":{"line":34,"column":31}},{"start":{"line":34,"column":35},"end":{"line":34,"column":70}}],"line":34},"7":{"loc":{"start":{"line":36,"column":4},"end":{"line":38,"column":3}},"type":"if","locations":[{"start":{"line":36,"column":4},"end":{"line":38,"column":3}},{"start":{},"end":{}}],"line":36},"8":{"loc":{"start":{"line":38,"column":4},"end":{"line":40,"column":3}},"type":"if","locations":[{"start":{"line":38,"column":4},"end":{"line":40,"column":3}},{"start":{},"end":{}}],"line":38},"9":{"loc":{"start":{"line":40,"column":4},"end":{"line":42,"column":3}},"type":"if","locations":[{"start":{"line":40,"column":4},"end":{"line":42,"column":3}},{"start":{},"end":{}}],"line":40},"10":{"loc":{"start":{"line":40,"column":8},"end":{"line":40,"column":80}},"type":"binary-expr","locations":[{"start":{"line":40,"column":8},"end":{"line":40,"column":43}},{"start":{"line":40,"column":47},"end":{"line":40,"column":80}}],"line":40},"11":{"loc":{"start":{"line":47,"column":2},"end":{"line":49,"column":3}},"type":"if","locations":[{"start":{"line":47,"column":2},"end":{"line":49,"column":3}},{"start":{},"end":{}}],"line":47},"12":{"loc":{"start":{"line":51,"column":2},"end":{"line":53,"column":3}},"type":"if","locations":[{"start":{"line":51,"column":2},"end":{"line":53,"column":3}},{"start":{},"end":{}}],"line":51}},"s":{"0":9,"1":1,"2":8,"3":1,"4":7,"5":1,"6":6,"7":1,"8":5,"9":1,"10":4,"11":1,"12":3,"13":1,"14":2,"15":1,"16":1,"17":0,"18":0,"19":0,"20":0,"21":0},"f":{"0":9,"1":0},"b":{"0":[1,8],"1":[1,7],"2":[1,6],"3":[1,5],"4":[6,2],"5":[1,4],"6":[5,2],"7":[1,3],"8":[1,2],"9":[1,1],"10":[2,1],"11":[0,0],"12":[0,0]},"_coverageSchema":"1a1c01bbd47fc00a2c39e90264f33305004495a9","hash":"683b29c2030188fdb835ce69a9250b975d30e39b"}
,"F:\\Training\\ajs-homeworks\\ajs-49-Diploma-by-Kiraradi\\src\\js\\characters\\Bowman.js": {"path":"F:\\Training\\ajs-homeworks\\ajs-49-Diploma-by-Kiraradi\\src\\js\\characters\\Bowman.js","statementMap":{"0":{"start":{"line":5,"column":4},"end":{"line":5,"column":27}},"1":{"start":{"line":6,"column":4},"end":{"line":6,"column":21}},"2":{"start":{"line":7,"column":4},"end":{"line":7,"column":22}},"3":{"start":{"line":8,"column":4},"end":{"line":8,"column":25}},"4":{"start":{"line":9,"column":4},"end":{"line":9,"column":26}}},"fnMap":{"0":{"name":"(anonymous_0)","decl":{"start":{"line":4,"column":2},"end":{"line":4,"column":3}},"loc":{"start":{"line":4,"column":21},"end":{"line":10,"column":3}},"line":4}},"branchMap":{},"s":{"0":2,"1":2,"2":2,"3":2,"4":2},"f":{"0":2},"b":{},"_coverageSchema":"1a1c01bbd47fc00a2c39e90264f33305004495a9","hash":"3e399905fff1d9b7cc17a708de12ddfd54c1fc15"}
,"F:\\Training\\ajs-homeworks\\ajs-49-Diploma-by-Kiraradi\\src\\js\\characters\\Daemon.js": {"path":"F:\\Training\\ajs-homeworks\\ajs-49-Diploma-by-Kiraradi\\src\\js\\characters\\Daemon.js","statementMap":{"0":{"start":{"line":5,"column":4},"end":{"line":5,"column":27}},"1":{"start":{"line":6,"column":4},"end":{"line":6,"column":21}},"2":{"start":{"line":7,"column":4},"end":{"line":7,"column":22}},"3":{"start":{"line":8,"column":4},"end":{"line":8,"column":25}},"4":{"start":{"line":9,"column":4},"end":{"line":9,"column":26}}},"fnMap":{"0":{"name":"(anonymous_0)","decl":{"start":{"line":4,"column":2},"end":{"line":4,"column":3}},"loc":{"start":{"line":4,"column":21},"end":{"line":10,"column":3}},"line":4}},"branchMap":{},"s":{"0":1,"1":1,"2":1,"3":1,"4":1},"f":{"0":1},"b":{},"_coverageSchema":"1a1c01bbd47fc00a2c39e90264f33305004495a9","hash":"1da53b95fc514cd55d5a5c7b1bcf1dd88f3cc0b6"}
,"F:\\Training\\ajs-homeworks\\ajs-49-Diploma-by-Kiraradi\\src\\js\\characters\\Magician.js": {"path":"F:\\Training\\ajs-homeworks\\ajs-49-Diploma-by-Kiraradi\\src\\js\\characters\\Magician.js","statementMap":{"0":{"start":{"line":5,"column":4},"end":{"line":5,"column":29}},"1":{"start":{"line":6,"column":4},"end":{"line":6,"column":21}},"2":{"start":{"line":7,"column":4},"end":{"line":7,"column":22}},"3":{"start":{"line":8,"column":4},"end":{"line":8,"column":25}},"4":{"start":{"line":9,"column":4},"end":{"line":9,"column":26}}},"fnMap":{"0":{"name":"(anonymous_0)","decl":{"start":{"line":4,"column":2},"end":{"line":4,"column":3}},"loc":{"start":{"line":4,"column":21},"end":{"line":10,"column":3}},"line":4}},"branchMap":{},"s":{"0":2,"1":2,"2":2,"3":2,"4":2},"f":{"0":2},"b":{},"_coverageSchema":"1a1c01bbd47fc00a2c39e90264f33305004495a9","hash":"ae14fa60de13b1726b696207420375ef4983064f"}
,"F:\\Training\\ajs-homeworks\\ajs-49-Diploma-by-Kiraradi\\src\\js\\characters\\Swordsman.js": {"path":"F:\\Training\\ajs-homeworks\\ajs-49-Diploma-by-Kiraradi\\src\\js\\characters\\Swordsman.js","statementMap":{"0":{"start":{"line":5,"column":4},"end":{"line":5,"column":30}},"1":{"start":{"line":6,"column":4},"end":{"line":6,"column":21}},"2":{"start":{"line":7,"column":4},"end":{"line":7,"column":22}},"3":{"start":{"line":8,"column":4},"end":{"line":8,"column":25}},"4":{"start":{"line":9,"column":4},"end":{"line":9,"column":26}}},"fnMap":{"0":{"name":"(anonymous_0)","decl":{"start":{"line":4,"column":2},"end":{"line":4,"column":3}},"loc":{"start":{"line":4,"column":21},"end":{"line":10,"column":3}},"line":4}},"branchMap":{},"s":{"0":1,"1":1,"2":1,"3":1,"4":1},"f":{"0":1},"b":{},"_coverageSchema":"1a1c01bbd47fc00a2c39e90264f33305004495a9","hash":"624436365b571b03007d631df3271b8b2b2908a2"}
,"F:\\Training\\ajs-homeworks\\ajs-49-Diploma-by-Kiraradi\\src\\js\\characters\\Undead.js": {"path":"F:\\Training\\ajs-homeworks\\ajs-49-Diploma-by-Kiraradi\\src\\js\\characters\\Undead.js","statementMap":{"0":{"start":{"line":5,"column":4},"end":{"line":5,"column":27}},"1":{"start":{"line":6,"column":4},"end":{"line":6,"column":21}},"2":{"start":{"line":7,"column":4},"end":{"line":7,"column":22}},"3":{"start":{"line":8,"column":4},"end":{"line":8,"column":25}},"4":{"start":{"line":9,"column":4},"end":{"line":9,"column":26}}},"fnMap":{"0":{"name":"(anonymous_0)","decl":{"start":{"line":4,"column":2},"end":{"line":4,"column":3}},"loc":{"start":{"line":4,"column":21},"end":{"line":10,"column":3}},"line":4}},"branchMap":{},"s":{"0":1,"1":1,"2":1,"3":1,"4":1},"f":{"0":1},"b":{},"_coverageSchema":"1a1c01bbd47fc00a2c39e90264f33305004495a9","hash":"9284d266806ab7fbb88be7d5795062ae8ae01dd9"}
,"F:\\Training\\ajs-homeworks\\ajs-49-Diploma-by-Kiraradi\\src\\js\\characters\\Vampire.js": {"path":"F:\\Training\\ajs-homeworks\\ajs-49-Diploma-by-Kiraradi\\src\\js\\characters\\Vampire.js","statementMap":{"0":{"start":{"line":5,"column":4},"end":{"line":5,"column":28}},"1":{"start":{"line":6,"column":4},"end":{"line":6,"column":21}},"2":{"start":{"line":7,"column":4},"end":{"line":7,"column":22}},"3":{"start":{"line":8,"column":4},"end":{"line":8,"column":25}},"4":{"start":{"line":9,"column":4},"end":{"line":9,"column":26}}},"fnMap":{"0":{"name":"(anonymous_0)","decl":{"start":{"line":4,"column":2},"end":{"line":4,"column":3}},"loc":{"start":{"line":4,"column":21},"end":{"line":10,"column":3}},"line":4}},"branchMap":{},"s":{"0":1,"1":1,"2":1,"3":1,"4":1},"f":{"0":1},"b":{},"_coverageSchema":"1a1c01bbd47fc00a2c39e90264f33305004495a9","hash":"f6a61dcb258e3354b1b14a6e6ccb6ad9337188a0"}
}
