TN:
SF:src\js\Character.js
FN:16,(anonymous_0)
FN:26,(anonymous_1)
FNF:2
FNH:1
FNDA:9,(anonymous_0)
FNDA:0,(anonymous_1)
DA:17,9
DA:18,9
DA:19,9
DA:20,9
DA:21,9
DA:22,9
DA:27,0
DA:28,0
DA:29,0
DA:30,0
LF:10
LH:6
BRDA:16,0,0,1
BRDA:22,1,0,1
BRDA:22,1,1,8
BRDA:30,2,0,0
BRDA:30,2,1,0
BRF:5
BRH:3
end_of_record
TN:
SF:src\js\availableMoves.js
FN:1,availableMoves
FN:50,convertByRule
FN:52,(anonymous_2)
FN:73,(anonymous_3)
FN:74,(anonymous_4)
FNF:5
FNH:5
FNDA:5,availableMoves
FNDA:10,convertByRule
FNDA:20,(anonymous_2)
FNDA:88,(anonymous_3)
FNDA:91,(anonymous_4)
DA:2,5
DA:3,5
DA:5,5
DA:9,5
DA:10,38
DA:11,38
DA:12,292
DA:14,292
DA:15,5
DA:16,5
DA:21,5
DA:22,37
DA:23,25
DA:26,37
DA:27,25
DA:30,37
DA:32,19
DA:35,37
DA:37,19
DA:40,5
DA:41,5
DA:43,5
DA:44,29
DA:45,5
DA:47,29
DA:51,10
DA:52,10
DA:53,20
DA:54,6
DA:55,14
DA:56,2
DA:58,12
DA:61,10
DA:64,5
DA:65,5
DA:67,5
DA:68,21
DA:69,91
DA:73,88
DA:74,91
DA:76,5
LF:41
LH:41
BRDA:14,0,0,5
BRDA:14,0,1,287
BRDA:22,1,0,25
BRDA:22,1,1,12
BRDA:22,2,0,37
BRDA:22,2,1,31
BRDA:26,3,0,25
BRDA:26,3,1,12
BRDA:26,4,0,37
BRDA:26,4,1,25
BRDA:30,5,0,19
BRDA:30,5,1,18
BRDA:30,6,0,37
BRDA:30,6,1,31
BRDA:30,6,2,25
BRDA:30,6,3,19
BRDA:35,7,0,19
BRDA:35,7,1,18
BRDA:35,8,0,37
BRDA:35,8,1,31
BRDA:35,8,2,25
BRDA:35,8,3,19
BRDA:44,9,0,5
BRDA:44,9,1,24
BRDA:53,10,0,6
BRDA:53,10,1,14
BRDA:55,11,0,2
BRDA:55,11,1,12
BRF:28
BRH:28
end_of_record
TN:
SF:src\js\createTooltip.js
FN:1,createTooltip
FNF:1
FNH:1
FNDA:2,createTooltip
DA:2,2
LF:1
LH:1
BRF:0
BRH:0
end_of_record
TN:
SF:src\js\utils.js
FN:25,calcTileType
FN:46,calcHealthLevel
FNF:2
FNH:1
FNDA:9,calcTileType
FNDA:0,calcHealthLevel
DA:26,9
DA:27,1
DA:28,8
DA:29,1
DA:30,7
DA:31,1
DA:32,6
DA:33,1
DA:34,5
DA:35,1
DA:36,4
DA:37,1
DA:38,3
DA:39,1
DA:40,2
DA:41,1
DA:43,1
DA:47,0
DA:48,0
DA:51,0
DA:52,0
DA:55,0
LF:22
LH:17
BRDA:26,0,0,1
BRDA:26,0,1,8
BRDA:28,1,0,1
BRDA:28,1,1,7
BRDA:30,2,0,1
BRDA:30,2,1,6
BRDA:32,3,0,1
BRDA:32,3,1,5
BRDA:32,4,0,6
BRDA:32,4,1,2
BRDA:34,5,0,1
BRDA:34,5,1,4
BRDA:34,6,0,5
BRDA:34,6,1,2
BRDA:36,7,0,1
BRDA:36,7,1,3
BRDA:38,8,0,1
BRDA:38,8,1,2
BRDA:40,9,0,1
BRDA:40,9,1,1
BRDA:40,10,0,2
BRDA:40,10,1,1
BRDA:47,11,0,0
BRDA:47,11,1,0
BRDA:51,12,0,0
BRDA:51,12,1,0
BRF:26
BRH:22
end_of_record
TN:
SF:src\js\characters\Bowman.js
FN:4,(anonymous_0)
FNF:1
FNH:1
FNDA:2,(anonymous_0)
DA:5,2
DA:6,2
DA:7,2
DA:8,2
DA:9,2
LF:5
LH:5
BRF:0
BRH:0
end_of_record
TN:
SF:src\js\characters\Daemon.js
FN:4,(anonymous_0)
FNF:1
FNH:1
FNDA:1,(anonymous_0)
DA:5,1
DA:6,1
DA:7,1
DA:8,1
DA:9,1
LF:5
LH:5
BRF:0
BRH:0
end_of_record
TN:
SF:src\js\characters\Magician.js
FN:4,(anonymous_0)
FNF:1
FNH:1
FNDA:2,(anonymous_0)
DA:5,2
DA:6,2
DA:7,2
DA:8,2
DA:9,2
LF:5
LH:5
BRF:0
BRH:0
end_of_record
TN:
SF:src\js\characters\Swordsman.js
FN:4,(anonymous_0)
FNF:1
FNH:1
FNDA:1,(anonymous_0)
DA:5,1
DA:6,1
DA:7,1
DA:8,1
DA:9,1
LF:5
LH:5
BRF:0
BRH:0
end_of_record
TN:
SF:src\js\characters\Undead.js
FN:4,(anonymous_0)
FNF:1
FNH:1
FNDA:1,(anonymous_0)
DA:5,1
DA:6,1
DA:7,1
DA:8,1
DA:9,1
LF:5
LH:5
BRF:0
BRH:0
end_of_record
TN:
SF:src\js\characters\Vampire.js
FN:4,(anonymous_0)
FNF:1
FNH:1
FNDA:1,(anonymous_0)
DA:5,1
DA:6,1
DA:7,1
DA:8,1
DA:9,1
LF:5
LH:5
BRF:0
BRH:0
end_of_record
